{"level":"info","message":"Server listening on 5000","timestamp":"2025-08-12T09:31:58.427Z"}
{"level":"info","message":"MongoDB connected","timestamp":"2025-08-12T09:31:58.492Z"}
{"level":"info","message":"Server listening on 5000","timestamp":"2025-08-12T09:59:01.308Z"}
{"level":"info","message":"MongoDB connected","timestamp":"2025-08-12T09:59:01.342Z"}
{"level":"info","message":"Server listening on 5000","timestamp":"2025-08-12T10:16:39.515Z"}
{"level":"info","message":"MongoDB connected","timestamp":"2025-08-12T10:16:39.536Z"}
{"level":"info","message":"Server listening on 5000","timestamp":"2025-08-12T10:22:33.548Z"}
{"level":"info","message":"MongoDB connected","timestamp":"2025-08-12T10:22:33.566Z"}
{"level":"info","message":"Server listening on 5000","timestamp":"2025-08-12T10:23:32.120Z"}
{"level":"info","message":"MongoDB connected","timestamp":"2025-08-12T10:23:32.542Z"}
{"level":"info","message":"Server listening on 5000","timestamp":"2025-08-12T10:25:22.678Z"}
{"level":"info","message":"MongoDB connected","timestamp":"2025-08-12T10:25:23.098Z"}
{"level":"info","message":"Server listening on 5000","timestamp":"2025-08-12T10:25:26.704Z"}
{"level":"info","message":"MongoDB connected","timestamp":"2025-08-12T10:25:27.187Z"}
{"level":"info","message":"Server listening on 5000","timestamp":"2025-08-12T10:25:28.612Z"}
{"level":"info","message":"MongoDB connected","timestamp":"2025-08-12T10:25:29.063Z"}
{"level":"info","message":"Server listening on 5000","timestamp":"2025-08-12T10:25:33.080Z"}
{"level":"info","message":"MongoDB connected","timestamp":"2025-08-12T10:25:33.472Z"}
{"level":"info","message":"Server listening on 5000","timestamp":"2025-08-12T10:25:50.475Z"}
{"level":"info","message":"MongoDB connected","timestamp":"2025-08-12T10:25:50.889Z"}
{"level":"info","message":"Server listening on 5000","timestamp":"2025-08-12T10:25:52.670Z"}
{"level":"info","message":"MongoDB connected","timestamp":"2025-08-12T10:25:53.063Z"}
{"level":"info","message":"Server listening on 5000","timestamp":"2025-08-12T10:25:55.475Z"}
{"level":"info","message":"MongoDB connected","timestamp":"2025-08-12T10:25:55.880Z"}
{"level":"info","message":"Server listening on 5000","timestamp":"2025-08-12T10:34:41.511Z"}
{"level":"info","message":"MongoDB connected","timestamp":"2025-08-12T10:34:41.860Z"}
{"level":"info","message":"Server listening on 5000","timestamp":"2025-08-12T10:34:59.478Z"}
{"level":"info","message":"MongoDB connected","timestamp":"2025-08-12T10:34:59.847Z"}
{"level":"info","message":"Server listening on 5000","timestamp":"2025-08-12T10:37:24.949Z"}
{"level":"info","message":"MongoDB connected","timestamp":"2025-08-12T10:37:25.527Z"}
{"level":"info","message":"Server listening on 5000","timestamp":"2025-08-12T10:47:43.597Z"}
{"level":"info","message":"MongoDB connected","timestamp":"2025-08-12T10:47:43.971Z"}
{"level":"info","message":"Server listening on 5000","timestamp":"2025-08-12T10:48:29.445Z"}
{"level":"info","message":"MongoDB connected","timestamp":"2025-08-12T10:48:29.819Z"}
{"level":"info","message":"Server listening on 5000","timestamp":"2025-08-12T10:56:01.147Z"}
{"level":"info","message":"MongoDB connected","timestamp":"2025-08-12T10:56:01.665Z"}
{"level":"info","message":"Server listening on 5000","timestamp":"2025-08-12T11:01:11.405Z"}
{"level":"info","message":"MongoDB connected","timestamp":"2025-08-12T11:01:11.951Z"}
{"level":"info","message":"Server listening on 5000","timestamp":"2025-08-12T11:02:56.436Z"}
{"level":"info","message":"MongoDB connected","timestamp":"2025-08-12T11:02:56.980Z"}
{"body":"{\r\n  \"email\": \"john@example.com\",\r\n  \"password\": \"123456\",\r\n}\r\n","expose":true,"level":"error","status":400,"statusCode":400,"timestamp":"2025-08-12T11:05:29.212Z","type":"entity.parse.failed"}
{"level":"info","message":"Server listening on 5000","timestamp":"2025-08-12T11:16:48.160Z"}
{"level":"info","message":"MongoDB connected","timestamp":"2025-08-12T11:16:48.734Z"}
{"level":"info","message":"Server listening on 5000","timestamp":"2025-08-12T11:17:18.616Z"}
{"level":"info","message":"MongoDB connected","timestamp":"2025-08-12T11:17:19.246Z"}
{"level":"info","message":"Server listening on 5000","timestamp":"2025-08-12T11:20:03.425Z"}
{"level":"info","message":"MongoDB connected","timestamp":"2025-08-12T11:20:03.952Z"}
{"level":"info","message":"Server listening on 5000","timestamp":"2025-08-12T11:20:12.852Z"}
{"level":"info","message":"MongoDB connected","timestamp":"2025-08-12T11:20:13.472Z"}
{"level":"error","message":"assignDriverToBooking error Cannot read properties of undefined (reading 'coordinates')","stack":"TypeError: Cannot read properties of undefined (reading 'coordinates')\n    at assignDriverToBooking (C:\\denisha\\Ucab\\backend\\sockets\\booking.socket.js:54:50)\n    at process.processTicksAndRejections (node:internal/process/task_queues:95:5)","timestamp":"2025-08-12T11:20:16.162Z"}
{"level":"error","message":"assignDriverToBooking error Cannot read properties of undefined (reading 'coordinates')","stack":"TypeError: Cannot read properties of undefined (reading 'coordinates')\n    at assignDriverToBooking (C:\\denisha\\Ucab\\backend\\sockets\\booking.socket.js:54:50)\n    at process.processTicksAndRejections (node:internal/process/task_queues:95:5)","timestamp":"2025-08-12T11:22:57.268Z"}
{"level":"info","message":"Server listening on 5000","timestamp":"2025-08-12T11:24:31.669Z"}
{"level":"info","message":"MongoDB connected","timestamp":"2025-08-12T11:24:32.287Z"}
{"level":"error","message":"assignDriverToBooking error Cannot read properties of undefined (reading 'coordinates')","stack":"TypeError: Cannot read properties of undefined (reading 'coordinates')\n    at assignDriverToBooking (C:\\denisha\\Ucab\\backend\\sockets\\booking.socket.js:54:50)\n    at process.processTicksAndRejections (node:internal/process/task_queues:95:5)","timestamp":"2025-08-12T11:24:53.223Z"}
{"level":"info","message":"Server listening on 5000","timestamp":"2025-08-12T11:25:58.806Z"}
{"level":"info","message":"MongoDB connected","timestamp":"2025-08-12T11:25:59.196Z"}
{"level":"error","message":"assignDriverToBooking error Cannot read properties of undefined (reading 'coordinates')","stack":"TypeError: Cannot read properties of undefined (reading 'coordinates')\n    at assignDriverToBooking (C:\\denisha\\Ucab\\backend\\sockets\\booking.socket.js:54:50)\n    at process.processTicksAndRejections (node:internal/process/task_queues:95:5)","timestamp":"2025-08-12T11:26:14.676Z"}
{"level":"info","message":"Server listening on 5000","timestamp":"2025-08-12T11:31:07.557Z"}
{"level":"info","message":"MongoDB connected","timestamp":"2025-08-12T11:31:07.945Z"}
{"level":"info","message":"Server listening on 5000","timestamp":"2025-08-12T11:32:56.059Z"}
{"level":"info","message":"MongoDB connected","timestamp":"2025-08-12T11:32:56.443Z"}
{"level":"error","message":"assignDriverToBooking error Cannot read properties of undefined (reading 'coordinates')","stack":"TypeError: Cannot read properties of undefined (reading 'coordinates')\n    at assignDriverToBooking (C:\\denisha\\Ucab\\backend\\sockets\\booking.socket.js:54:50)\n    at process.processTicksAndRejections (node:internal/process/task_queues:95:5)","timestamp":"2025-08-12T11:33:07.055Z"}
{"level":"info","message":"Server listening on 5000","timestamp":"2025-08-12T11:33:51.438Z"}
{"level":"info","message":"MongoDB connected","timestamp":"2025-08-12T11:33:51.854Z"}
{"level":"error","message":"assignDriverToBooking error Cannot read properties of undefined (reading 'coordinates')","stack":"TypeError: Cannot read properties of undefined (reading 'coordinates')\n    at assignDriverToBooking (C:\\denisha\\Ucab\\backend\\sockets\\booking.socket.js:54:50)\n    at process.processTicksAndRejections (node:internal/process/task_queues:95:5)","timestamp":"2025-08-12T11:42:58.019Z"}
{"level":"info","message":"Server listening on 5000","timestamp":"2025-08-12T11:50:00.613Z"}
{"level":"info","message":"MongoDB connected","timestamp":"2025-08-12T11:50:00.991Z"}
{"level":"error","message":"assignDriverToBooking error Cannot read properties of undefined (reading 'coordinates')","stack":"TypeError: Cannot read properties of undefined (reading 'coordinates')\n    at assignDriverToBooking (C:\\denisha\\Ucab\\backend\\sockets\\booking.socket.js:56:50)\n    at process.processTicksAndRejections (node:internal/process/task_queues:95:5)","timestamp":"2025-08-12T11:50:37.996Z"}
{"level":"info","message":"Server listening on 5000","timestamp":"2025-08-12T11:54:05.763Z"}
{"level":"info","message":"MongoDB connected","timestamp":"2025-08-12T11:54:06.159Z"}
{"level":"info","message":"Server listening on 5000","timestamp":"2025-08-12T11:54:08.201Z"}
{"level":"info","message":"MongoDB connected","timestamp":"2025-08-12T11:54:08.624Z"}
{"level":"info","message":"Server listening on 5000","timestamp":"2025-08-12T11:54:10.311Z"}
{"level":"info","message":"Server listening on 5000","timestamp":"2025-08-12T11:54:11.732Z"}
{"level":"info","message":"MongoDB connected","timestamp":"2025-08-12T11:54:12.181Z"}
{"level":"info","message":"Server listening on 5000","timestamp":"2025-08-12T11:54:26.680Z"}
{"level":"info","message":"MongoDB connected","timestamp":"2025-08-12T11:54:27.068Z"}
{"level":"info","message":"Server listening on 5000","timestamp":"2025-08-12T11:57:41.181Z"}
{"level":"info","message":"MongoDB connected","timestamp":"2025-08-12T11:57:41.633Z"}
{"level":"info","message":"Server listening on 5000","timestamp":"2025-08-12T11:57:52.326Z"}
{"level":"info","message":"MongoDB connected","timestamp":"2025-08-12T11:57:52.732Z"}
{"level":"info","message":"Server listening on 5000","timestamp":"2025-08-12T11:57:59.472Z"}
{"level":"info","message":"MongoDB connected","timestamp":"2025-08-12T11:57:59.908Z"}
{"_message":"Booking validation failed","errors":{"status":{"kind":"enum","message":"`no-drivers` is not a valid enum value for path `status`.","name":"ValidatorError","path":"status","properties":{"enumValues":["pending","assigned","accepted","on_trip","completed","cancelled"],"message":"`no-drivers` is not a valid enum value for path `status`.","path":"status","type":"enum","value":"no-drivers"},"value":"no-drivers"}},"level":"error","message":"assignDriverToBooking error Booking validation failed: status: `no-drivers` is not a valid enum value for path `status`.","stack":"ValidationError: Booking validation failed: status: `no-drivers` is not a valid enum value for path `status`.\n    at Document.invalidate (C:\\denisha\\Ucab\\backend\\node_modules\\mongoose\\lib\\document.js:3219:32)\n    at C:\\denisha\\Ucab\\backend\\node_modules\\mongoose\\lib\\document.js:3012:17\n    at C:\\denisha\\Ucab\\backend\\node_modules\\mongoose\\lib\\schematype.js:1368:9\n    at process.processTicksAndRejections (node:internal/process/task_queues:77:11)","timestamp":"2025-08-12T11:58:19.117Z"}
{"level":"info","message":"Server listening on 5000","timestamp":"2025-08-12T12:01:05.983Z"}
{"level":"info","message":"MongoDB connected","timestamp":"2025-08-12T12:01:06.341Z"}
{"level":"info","message":"Server listening on 5000","timestamp":"2025-08-12T12:01:27.459Z"}
{"level":"info","message":"MongoDB connected","timestamp":"2025-08-12T12:01:27.858Z"}
{"level":"info","message":"Server listening on 5000","timestamp":"2025-08-12T12:01:36.985Z"}
{"level":"info","message":"MongoDB connected","timestamp":"2025-08-12T12:01:37.343Z"}
{"level":"info","message":"Server listening on 5000","timestamp":"2025-08-12T12:01:57.880Z"}
{"level":"info","message":"MongoDB connected","timestamp":"2025-08-12T12:01:58.301Z"}
{"level":"info","message":"Server listening on 5000","timestamp":"2025-08-12T12:08:12.419Z"}
{"level":"info","message":"MongoDB connected","timestamp":"2025-08-12T12:08:12.799Z"}
{"level":"info","message":"Server listening on 5000","timestamp":"2025-08-12T12:08:15.438Z"}
{"level":"info","message":"MongoDB connected","timestamp":"2025-08-12T12:08:15.823Z"}
{"level":"info","message":"Server listening on 5000","timestamp":"2025-08-12T12:08:22.017Z"}
{"level":"info","message":"MongoDB connected","timestamp":"2025-08-12T12:08:22.457Z"}
{"level":"info","message":"Server listening on 5000","timestamp":"2025-08-12T12:08:50.518Z"}
{"level":"info","message":"MongoDB connected","timestamp":"2025-08-12T12:08:50.915Z"}
{"level":"info","message":"Server listening on 5000","timestamp":"2025-08-12T12:09:21.295Z"}
{"level":"info","message":"Server listening on 5000","timestamp":"2025-08-12T12:09:22.410Z"}
{"level":"info","message":"MongoDB connected","timestamp":"2025-08-12T12:09:22.791Z"}
{"level":"info","message":"Server listening on 5000","timestamp":"2025-08-12T12:09:45.320Z"}
{"level":"info","message":"MongoDB connected","timestamp":"2025-08-12T12:09:45.851Z"}
{"level":"info","message":"Server listening on 5000","timestamp":"2025-08-12T12:10:14.395Z"}
{"level":"info","message":"MongoDB connected","timestamp":"2025-08-12T12:10:14.765Z"}
{"level":"info","message":"Server listening on 5000","timestamp":"2025-08-12T12:10:47.366Z"}
{"level":"info","message":"MongoDB connected","timestamp":"2025-08-12T12:10:47.792Z"}
{"level":"info","message":"Server listening on 5000","timestamp":"2025-08-12T12:11:55.306Z"}
{"level":"info","message":"MongoDB connected","timestamp":"2025-08-12T12:11:55.675Z"}
{"level":"info","message":"Server listening on 5000","timestamp":"2025-08-12T12:20:37.627Z"}
{"level":"info","message":"MongoDB connected","timestamp":"2025-08-12T12:20:37.985Z"}
{"_message":"Booking validation failed","errors":{"status":{"kind":"enum","message":"`no-drivers` is not a valid enum value for path `status`.","name":"ValidatorError","path":"status","properties":{"enumValues":["pending","assigned","accepted","on_trip","completed","cancelled"],"message":"`no-drivers` is not a valid enum value for path `status`.","path":"status","type":"enum","value":"no-drivers"},"value":"no-drivers"}},"level":"error","message":"assignDriverToBooking error Booking validation failed: status: `no-drivers` is not a valid enum value for path `status`.","stack":"ValidationError: Booking validation failed: status: `no-drivers` is not a valid enum value for path `status`.\n    at Document.invalidate (C:\\denisha\\Ucab\\backend\\node_modules\\mongoose\\lib\\document.js:3219:32)\n    at C:\\denisha\\Ucab\\backend\\node_modules\\mongoose\\lib\\document.js:3012:17\n    at C:\\denisha\\Ucab\\backend\\node_modules\\mongoose\\lib\\schematype.js:1368:9\n    at process.processTicksAndRejections (node:internal/process/task_queues:77:11)","timestamp":"2025-08-12T12:20:52.939Z"}
{"level":"info","message":"Server listening on 5000","timestamp":"2025-08-12T12:28:20.023Z"}
{"level":"info","message":"MongoDB connected","timestamp":"2025-08-12T12:28:20.723Z"}
{"_message":"Booking validation failed","errors":{"status":{"kind":"enum","message":"`no-drivers` is not a valid enum value for path `status`.","name":"ValidatorError","path":"status","properties":{"enumValues":["pending","assigned","accepted","on_trip","completed","cancelled"],"message":"`no-drivers` is not a valid enum value for path `status`.","path":"status","type":"enum","value":"no-drivers"},"value":"no-drivers"}},"level":"error","message":"assignDriverToBooking error Booking validation failed: status: `no-drivers` is not a valid enum value for path `status`.","stack":"ValidationError: Booking validation failed: status: `no-drivers` is not a valid enum value for path `status`.\n    at Document.invalidate (C:\\denisha\\Ucab\\backend\\node_modules\\mongoose\\lib\\document.js:3219:32)\n    at C:\\denisha\\Ucab\\backend\\node_modules\\mongoose\\lib\\document.js:3012:17\n    at C:\\denisha\\Ucab\\backend\\node_modules\\mongoose\\lib\\schematype.js:1368:9\n    at process.processTicksAndRejections (node:internal/process/task_queues:77:11)","timestamp":"2025-08-12T12:28:31.566Z"}
{"level":"info","message":"Server listening on 5000","timestamp":"2025-08-12T12:30:11.554Z"}
{"level":"info","message":"MongoDB connected","timestamp":"2025-08-12T12:30:11.951Z"}
{"level":"error","message":"findNearbyDrivers error User.find(...).populate(...).match is not a function","stack":"TypeError: User.find(...).populate(...).match is not a function\n    at findNearbyDrivers (C:\\denisha\\Ucab\\backend\\sockets\\booking.socket.js:52:8)\n    at process.processTicksAndRejections (node:internal/process/task_queues:95:5)\n    at async assignDriverToBooking (C:\\denisha\\Ucab\\backend\\sockets\\booking.socket.js:70:21)","timestamp":"2025-08-12T12:30:25.516Z"}
{"_message":"Booking validation failed","errors":{"status":{"kind":"enum","message":"`no-drivers` is not a valid enum value for path `status`.","name":"ValidatorError","path":"status","properties":{"enumValues":["pending","assigned","accepted","on_trip","completed","cancelled"],"message":"`no-drivers` is not a valid enum value for path `status`.","path":"status","type":"enum","value":"no-drivers"},"value":"no-drivers"}},"level":"error","message":"assignDriverToBooking error Booking validation failed: status: `no-drivers` is not a valid enum value for path `status`.","stack":"ValidationError: Booking validation failed: status: `no-drivers` is not a valid enum value for path `status`.\n    at Document.invalidate (C:\\denisha\\Ucab\\backend\\node_modules\\mongoose\\lib\\document.js:3219:32)\n    at C:\\denisha\\Ucab\\backend\\node_modules\\mongoose\\lib\\document.js:3012:17\n    at C:\\denisha\\Ucab\\backend\\node_modules\\mongoose\\lib\\schematype.js:1368:9\n    at process.processTicksAndRejections (node:internal/process/task_queues:77:11)","timestamp":"2025-08-12T12:30:25.521Z"}
{"level":"info","message":"Server listening on 5000","timestamp":"2025-08-12T12:31:58.289Z"}
{"level":"info","message":"MongoDB connected","timestamp":"2025-08-12T12:31:58.683Z"}
{"_message":"Booking validation failed","errors":{"status":{"kind":"enum","message":"`no-drivers` is not a valid enum value for path `status`.","name":"ValidatorError","path":"status","properties":{"enumValues":["pending","assigned","accepted","on_trip","completed","cancelled"],"message":"`no-drivers` is not a valid enum value for path `status`.","path":"status","type":"enum","value":"no-drivers"},"value":"no-drivers"}},"level":"error","message":"assignDriverToBooking error Booking validation failed: status: `no-drivers` is not a valid enum value for path `status`.","stack":"ValidationError: Booking validation failed: status: `no-drivers` is not a valid enum value for path `status`.\n    at Document.invalidate (C:\\denisha\\Ucab\\backend\\node_modules\\mongoose\\lib\\document.js:3219:32)\n    at C:\\denisha\\Ucab\\backend\\node_modules\\mongoose\\lib\\document.js:3012:17\n    at C:\\denisha\\Ucab\\backend\\node_modules\\mongoose\\lib\\schematype.js:1368:9\n    at process.processTicksAndRejections (node:internal/process/task_queues:77:11)","timestamp":"2025-08-12T12:32:04.357Z"}
{"level":"info","message":"Server listening on 5000","timestamp":"2025-08-13T04:12:34.600Z"}
{"level":"info","message":"MongoDB connected","timestamp":"2025-08-13T04:12:34.643Z"}
{"level":"info","message":"Server listening on 5000","timestamp":"2025-08-13T04:16:42.115Z"}
{"level":"info","message":"MongoDB connected","timestamp":"2025-08-13T04:16:42.156Z"}
{"level":"info","message":"Server listening on 5000","timestamp":"2025-08-13T04:17:07.200Z"}
{"level":"info","message":"MongoDB connected","timestamp":"2025-08-13T04:17:07.229Z"}
{"level":"info","message":"Server listening on 5000","timestamp":"2025-08-13T04:22:28.078Z"}
{"level":"info","message":"MongoDB connected","timestamp":"2025-08-13T04:22:28.472Z"}
{"level":"info","message":"Server listening on 5000","timestamp":"2025-08-13T04:22:45.164Z"}
{"level":"info","message":"MongoDB connected","timestamp":"2025-08-13T04:22:45.545Z"}
{"level":"info","message":"Server listening on 5000","timestamp":"2025-08-13T04:23:48.733Z"}
{"level":"info","message":"MongoDB connected","timestamp":"2025-08-13T04:23:49.094Z"}
{"level":"info","message":"Server listening on 5000","timestamp":"2025-08-13T04:23:58.544Z"}
{"level":"info","message":"MongoDB connected","timestamp":"2025-08-13T04:23:58.966Z"}
{"level":"info","message":"Server listening on 5000","timestamp":"2025-08-13T04:25:07.545Z"}
{"level":"info","message":"MongoDB connected","timestamp":"2025-08-13T04:25:07.974Z"}
{"_message":"Booking validation failed","errors":{"status":{"kind":"enum","message":"`no-drivers` is not a valid enum value for path `status`.","name":"ValidatorError","path":"status","properties":{"enumValues":["pending","assigned","accepted","on_trip","completed","cancelled"],"message":"`no-drivers` is not a valid enum value for path `status`.","path":"status","type":"enum","value":"no-drivers"},"value":"no-drivers"}},"level":"error","message":"assignDriverToBooking error Booking validation failed: status: `no-drivers` is not a valid enum value for path `status`.","stack":"ValidationError: Booking validation failed: status: `no-drivers` is not a valid enum value for path `status`.\n    at Document.invalidate (C:\\denisha\\Ucab\\backend\\node_modules\\mongoose\\lib\\document.js:3219:32)\n    at C:\\denisha\\Ucab\\backend\\node_modules\\mongoose\\lib\\document.js:3012:17\n    at C:\\denisha\\Ucab\\backend\\node_modules\\mongoose\\lib\\schematype.js:1368:9\n    at process.processTicksAndRejections (node:internal/process/task_queues:77:11)","timestamp":"2025-08-13T04:28:33.894Z"}
{"level":"info","message":"Server listening on 5000","timestamp":"2025-08-13T04:28:54.555Z"}
{"level":"info","message":"MongoDB connected","timestamp":"2025-08-13T04:28:54.967Z"}
{"level":"info","message":"Server listening on 5000","timestamp":"2025-08-13T04:29:04.428Z"}
{"level":"info","message":"MongoDB connected","timestamp":"2025-08-13T04:29:04.808Z"}
{"level":"info","message":"Server listening on 5000","timestamp":"2025-08-13T04:30:51.198Z"}
{"level":"info","message":"MongoDB connected","timestamp":"2025-08-13T04:30:51.574Z"}
{"level":"info","message":"Server listening on 5000","timestamp":"2025-08-13T04:30:56.362Z"}
{"level":"info","message":"MongoDB connected","timestamp":"2025-08-13T04:30:56.732Z"}
{"level":"info","message":"Server listening on 5000","timestamp":"2025-08-13T04:30:58.561Z"}
{"level":"info","message":"MongoDB connected","timestamp":"2025-08-13T04:30:58.921Z"}
{"level":"info","message":"Server listening on 5000","timestamp":"2025-08-13T04:31:06.132Z"}
{"level":"info","message":"MongoDB connected","timestamp":"2025-08-13T04:31:06.513Z"}
{"_message":"Booking validation failed","errors":{"status":{"kind":"enum","message":"`no-drivers` is not a valid enum value for path `status`.","name":"ValidatorError","path":"status","properties":{"enumValues":["pending","assigned","accepted","on_trip","completed","cancelled"],"message":"`no-drivers` is not a valid enum value for path `status`.","path":"status","type":"enum","value":"no-drivers"},"value":"no-drivers"}},"level":"error","message":"assignDriverToBooking error Booking validation failed: status: `no-drivers` is not a valid enum value for path `status`.","stack":"ValidationError: Booking validation failed: status: `no-drivers` is not a valid enum value for path `status`.\n    at Document.invalidate (C:\\denisha\\Ucab\\backend\\node_modules\\mongoose\\lib\\document.js:3219:32)\n    at C:\\denisha\\Ucab\\backend\\node_modules\\mongoose\\lib\\document.js:3012:17\n    at C:\\denisha\\Ucab\\backend\\node_modules\\mongoose\\lib\\schematype.js:1368:9\n    at process.processTicksAndRejections (node:internal/process/task_queues:77:11)","timestamp":"2025-08-13T04:31:16.832Z"}
{"level":"info","message":"Server listening on 5000","timestamp":"2025-08-13T04:32:54.387Z"}
{"level":"info","message":"MongoDB connected","timestamp":"2025-08-13T04:32:54.823Z"}
{"_message":"Booking validation failed","errors":{"status":{"kind":"enum","message":"`no-drivers` is not a valid enum value for path `status`.","name":"ValidatorError","path":"status","properties":{"enumValues":["pending","assigned","accepted","on_trip","completed","cancelled"],"message":"`no-drivers` is not a valid enum value for path `status`.","path":"status","type":"enum","value":"no-drivers"},"value":"no-drivers"}},"level":"error","message":"assignDriverToBooking error Booking validation failed: status: `no-drivers` is not a valid enum value for path `status`.","stack":"ValidationError: Booking validation failed: status: `no-drivers` is not a valid enum value for path `status`.\n    at Document.invalidate (C:\\denisha\\Ucab\\backend\\node_modules\\mongoose\\lib\\document.js:3219:32)\n    at C:\\denisha\\Ucab\\backend\\node_modules\\mongoose\\lib\\document.js:3012:17\n    at C:\\denisha\\Ucab\\backend\\node_modules\\mongoose\\lib\\schematype.js:1368:9\n    at process.processTicksAndRejections (node:internal/process/task_queues:77:11)","timestamp":"2025-08-13T04:33:06.639Z"}
{"level":"info","message":"Server listening on 5000","timestamp":"2025-08-13T04:35:08.111Z"}
{"level":"info","message":"MongoDB connected","timestamp":"2025-08-13T04:35:08.481Z"}
{"level":"info","message":"Server listening on 5000","timestamp":"2025-08-13T04:35:31.050Z"}
{"level":"info","message":"MongoDB connected","timestamp":"2025-08-13T04:35:31.427Z"}
{"_message":"Booking validation failed","errors":{"status":{"kind":"enum","message":"`no-drivers` is not a valid enum value for path `status`.","name":"ValidatorError","path":"status","properties":{"enumValues":["pending","assigned","accepted","on_trip","completed","cancelled"],"message":"`no-drivers` is not a valid enum value for path `status`.","path":"status","type":"enum","value":"no-drivers"},"value":"no-drivers"}},"level":"error","message":"assignDriverToBooking error Booking validation failed: status: `no-drivers` is not a valid enum value for path `status`.","stack":"ValidationError: Booking validation failed: status: `no-drivers` is not a valid enum value for path `status`.\n    at Document.invalidate (C:\\denisha\\Ucab\\backend\\node_modules\\mongoose\\lib\\document.js:3219:32)\n    at C:\\denisha\\Ucab\\backend\\node_modules\\mongoose\\lib\\document.js:3012:17\n    at C:\\denisha\\Ucab\\backend\\node_modules\\mongoose\\lib\\schematype.js:1368:9\n    at process.processTicksAndRejections (node:internal/process/task_queues:77:11)","timestamp":"2025-08-13T04:36:11.391Z"}
{"level":"info","message":"Server listening on 5000","timestamp":"2025-08-13T04:38:12.078Z"}
{"level":"info","message":"MongoDB connected","timestamp":"2025-08-13T04:38:12.433Z"}
{"level":"info","message":"Server listening on 5000","timestamp":"2025-08-13T04:38:20.809Z"}
{"level":"info","message":"MongoDB connected","timestamp":"2025-08-13T04:38:21.227Z"}
{"level":"info","message":"Server listening on 5000","timestamp":"2025-08-13T04:38:25.613Z"}
{"level":"info","message":"MongoDB connected","timestamp":"2025-08-13T04:38:26.035Z"}
{"level":"info","message":"Server listening on 5000","timestamp":"2025-08-13T04:45:15.123Z"}
{"level":"info","message":"MongoDB connected","timestamp":"2025-08-13T04:45:15.496Z"}
{"level":"info","message":"Server listening on 5000","timestamp":"2025-08-13T05:03:37.123Z"}
{"level":"info","message":"Server listening on 5000","timestamp":"2025-08-13T05:03:38.488Z"}
{"level":"info","message":"MongoDB connected","timestamp":"2025-08-13T05:03:38.910Z"}
{"level":"info","message":"Server listening on 5000","timestamp":"2025-08-13T05:03:48.810Z"}
{"level":"info","message":"MongoDB connected","timestamp":"2025-08-13T05:03:49.182Z"}
{"level":"info","message":"Server listening on 5000","timestamp":"2025-08-13T05:04:15.870Z"}
{"level":"info","message":"MongoDB connected","timestamp":"2025-08-13T05:04:16.243Z"}
{"level":"info","message":"Server listening on 5000","timestamp":"2025-08-13T05:04:48.314Z"}
{"level":"info","message":"MongoDB connected","timestamp":"2025-08-13T05:04:48.675Z"}
{"level":"info","message":"Server listening on 5000","timestamp":"2025-08-13T05:05:22.979Z"}
{"level":"info","message":"MongoDB connected","timestamp":"2025-08-13T05:05:23.395Z"}
{"level":"info","message":"Server listening on 5000","timestamp":"2025-08-13T05:05:50.666Z"}
{"level":"info","message":"MongoDB connected","timestamp":"2025-08-13T05:05:51.069Z"}
{"level":"info","message":"Server listening on 5000","timestamp":"2025-08-13T05:06:04.405Z"}
{"level":"info","message":"MongoDB connected","timestamp":"2025-08-13T05:06:04.784Z"}
{"level":"info","message":"Server listening on 5000","timestamp":"2025-08-13T05:06:22.495Z"}
{"level":"info","message":"MongoDB connected","timestamp":"2025-08-13T05:06:22.882Z"}
{"level":"info","message":"Server listening on 5000","timestamp":"2025-08-13T05:43:03.024Z"}
{"level":"info","message":"MongoDB connected","timestamp":"2025-08-13T05:43:03.402Z"}
{"level":"info","message":"Server listening on 5000","timestamp":"2025-08-13T05:43:22.092Z"}
{"level":"info","message":"MongoDB connected","timestamp":"2025-08-13T05:43:22.522Z"}
{"level":"info","message":"Server listening on 5000","timestamp":"2025-08-13T05:43:24.104Z"}
{"level":"info","message":"MongoDB connected","timestamp":"2025-08-13T05:43:24.513Z"}
{"level":"info","message":"Server listening on 5000","timestamp":"2025-08-13T05:43:27.103Z"}
{"level":"info","message":"MongoDB connected","timestamp":"2025-08-13T05:43:27.508Z"}
{"level":"info","message":"Server listening on 5000","timestamp":"2025-08-13T05:43:39.937Z"}
{"level":"info","message":"MongoDB connected","timestamp":"2025-08-13T05:43:40.356Z"}
{"level":"info","message":"Server listening on 5000","timestamp":"2025-08-13T05:47:45.076Z"}
{"level":"info","message":"MongoDB connected","timestamp":"2025-08-13T05:47:45.478Z"}
{"level":"info","message":"Server listening on 5000","timestamp":"2025-08-13T05:48:02.579Z"}
{"level":"info","message":"MongoDB connected","timestamp":"2025-08-13T05:48:02.947Z"}
{"level":"info","message":"Server listening on 5000","timestamp":"2025-08-13T05:48:07.114Z"}
{"level":"info","message":"MongoDB connected","timestamp":"2025-08-13T05:48:07.476Z"}
{"level":"info","message":"Server listening on 5000","timestamp":"2025-08-13T05:48:11.272Z"}
{"level":"info","message":"MongoDB connected","timestamp":"2025-08-13T05:48:11.624Z"}
{"level":"info","message":"Server listening on 5000","timestamp":"2025-08-13T05:48:13.128Z"}
{"level":"info","message":"MongoDB connected","timestamp":"2025-08-13T05:48:13.497Z"}
{"level":"info","message":"Server listening on 5000","timestamp":"2025-08-13T05:48:21.447Z"}
{"level":"info","message":"MongoDB connected","timestamp":"2025-08-13T05:48:21.833Z"}
{"level":"info","message":"Server listening on 5000","timestamp":"2025-08-13T05:49:09.046Z"}
{"level":"info","message":"MongoDB connected","timestamp":"2025-08-13T05:49:09.525Z"}
{"level":"info","message":"Server listening on 5000","timestamp":"2025-08-13T05:49:12.546Z"}
{"level":"info","message":"MongoDB connected","timestamp":"2025-08-13T05:49:12.940Z"}
{"level":"info","message":"Server listening on 5000","timestamp":"2025-08-13T05:55:18.952Z"}
{"level":"info","message":"MongoDB connected","timestamp":"2025-08-13T05:55:19.389Z"}
{"level":"info","message":"Server listening on 5000","timestamp":"2025-08-13T05:55:22.057Z"}
{"level":"info","message":"MongoDB connected","timestamp":"2025-08-13T05:55:22.476Z"}
{"level":"info","message":"Server listening on 5000","timestamp":"2025-08-13T05:55:24.280Z"}
{"level":"info","message":"MongoDB connected","timestamp":"2025-08-13T05:55:24.644Z"}
{"level":"info","message":"Server listening on 5000","timestamp":"2025-08-13T05:55:39.952Z"}
{"level":"info","message":"MongoDB connected","timestamp":"2025-08-13T05:55:40.366Z"}
{"level":"info","message":"Server listening on 5000","timestamp":"2025-08-13T05:57:31.527Z"}
{"level":"info","message":"MongoDB connected","timestamp":"2025-08-13T05:57:31.926Z"}
{"level":"info","message":"Server listening on 5000","timestamp":"2025-08-13T06:01:08.329Z"}
{"level":"info","message":"MongoDB connected","timestamp":"2025-08-13T06:01:08.708Z"}
{"level":"info","message":"Server listening on 5000","timestamp":"2025-08-13T06:01:17.101Z"}
{"level":"info","message":"MongoDB connected","timestamp":"2025-08-13T06:01:17.459Z"}
{"level":"info","message":"Server listening on 5000","timestamp":"2025-08-13T06:05:40.164Z"}
{"level":"info","message":"MongoDB connected","timestamp":"2025-08-13T06:05:40.560Z"}
{"level":"info","message":"Server listening on 5000","timestamp":"2025-08-13T06:06:16.630Z"}
{"level":"info","message":"MongoDB connected","timestamp":"2025-08-13T06:06:17.072Z"}
{"level":"info","message":"Server listening on 5000","timestamp":"2025-08-13T06:06:19.954Z"}
{"level":"info","message":"MongoDB connected","timestamp":"2025-08-13T06:06:20.399Z"}
{"level":"info","message":"Server listening on 5000","timestamp":"2025-08-13T06:06:22.365Z"}
{"level":"info","message":"MongoDB connected","timestamp":"2025-08-13T06:06:22.758Z"}
{"level":"info","message":"Server listening on 5000","timestamp":"2025-08-13T06:06:24.122Z"}
{"level":"info","message":"MongoDB connected","timestamp":"2025-08-13T06:06:24.483Z"}
{"level":"info","message":"Server listening on 5000","timestamp":"2025-08-13T06:06:28.366Z"}
{"level":"info","message":"MongoDB connected","timestamp":"2025-08-13T06:06:28.733Z"}
{"level":"info","message":"Server listening on 5000","timestamp":"2025-08-13T06:06:30.679Z"}
{"level":"info","message":"MongoDB connected","timestamp":"2025-08-13T06:06:31.031Z"}
{"level":"info","message":"Server listening on 5000","timestamp":"2025-08-13T06:14:13.007Z"}
{"level":"info","message":"MongoDB connected","timestamp":"2025-08-13T06:14:13.395Z"}
{"body":"{\r\n   \"email\": \"amit.sharma@example.com\",\r\n  \"password\": \"passenger456\",\r\n}\r\n","expose":true,"level":"error","status":400,"statusCode":400,"timestamp":"2025-08-13T06:17:30.773Z","type":"entity.parse.failed"}
{"level":"info","message":"Server listening on 5000","timestamp":"2025-08-13T06:21:02.770Z"}
{"level":"info","message":"MongoDB connected","timestamp":"2025-08-13T06:21:03.119Z"}
{"level":"info","message":"Server listening on 5000","timestamp":"2025-08-13T06:22:32.865Z"}
{"level":"info","message":"MongoDB connected","timestamp":"2025-08-13T06:22:33.289Z"}
{"level":"info","message":"Server listening on 5000","timestamp":"2025-08-13T06:23:01.151Z"}
{"level":"info","message":"MongoDB connected","timestamp":"2025-08-13T06:23:01.578Z"}
{"level":"info","message":"Server listening on 5000","timestamp":"2025-08-13T06:23:51.744Z"}
{"level":"info","message":"MongoDB connected","timestamp":"2025-08-13T06:23:52.139Z"}
{"level":"info","message":"Server listening on 5000","timestamp":"2025-08-13T06:25:55.970Z"}
{"level":"info","message":"MongoDB connected","timestamp":"2025-08-13T06:25:56.409Z"}
{"level":"info","message":"Server listening on 5000","timestamp":"2025-08-13T06:26:04.360Z"}
{"level":"info","message":"MongoDB connected","timestamp":"2025-08-13T06:26:04.772Z"}
{"level":"info","message":"Server listening on 5000","timestamp":"2025-08-13T06:26:11.433Z"}
{"level":"info","message":"MongoDB connected","timestamp":"2025-08-13T06:26:11.811Z"}
{"level":"info","message":"Server listening on 5000","timestamp":"2025-08-13T06:26:39.592Z"}
{"level":"info","message":"MongoDB connected","timestamp":"2025-08-13T06:26:40.002Z"}
{"level":"info","message":"Server listening on 5000","timestamp":"2025-08-13T06:29:33.033Z"}
{"level":"info","message":"MongoDB connected","timestamp":"2025-08-13T06:29:33.439Z"}
{"level":"info","message":"Server listening on 5000","timestamp":"2025-08-13T06:32:37.193Z"}
{"level":"info","message":"MongoDB connected","timestamp":"2025-08-13T06:32:37.600Z"}
{"level":"info","message":"Server listening on 5000","timestamp":"2025-08-13T06:33:12.427Z"}
{"level":"info","message":"MongoDB connected","timestamp":"2025-08-13T06:33:12.898Z"}
{"level":"info","message":"Server listening on 5000","timestamp":"2025-08-13T06:35:09.722Z"}
{"level":"info","message":"MongoDB connected","timestamp":"2025-08-13T06:35:10.099Z"}
{"level":"info","message":"Server listening on 5000","timestamp":"2025-08-13T06:35:14.331Z"}
{"level":"info","message":"MongoDB connected","timestamp":"2025-08-13T06:35:14.693Z"}
{"level":"info","message":"Server listening on 5000","timestamp":"2025-08-13T06:37:00.946Z"}
{"level":"info","message":"MongoDB connected","timestamp":"2025-08-13T06:37:01.312Z"}
{"level":"info","message":"Server listening on 5000","timestamp":"2025-08-13T06:37:07.337Z"}
{"level":"info","message":"MongoDB connected","timestamp":"2025-08-13T06:37:07.787Z"}
{"level":"info","message":"Server listening on 5000","timestamp":"2025-08-13T06:37:14.554Z"}
{"level":"info","message":"MongoDB connected","timestamp":"2025-08-13T06:37:14.981Z"}
{"level":"info","message":"Server listening on 5000","timestamp":"2025-08-13T06:37:26.465Z"}
{"level":"info","message":"MongoDB connected","timestamp":"2025-08-13T06:37:26.838Z"}
{"level":"info","message":"Server listening on 5000","timestamp":"2025-08-13T06:38:35.997Z"}
{"level":"info","message":"MongoDB connected","timestamp":"2025-08-13T06:38:36.378Z"}
{"level":"info","message":"Server listening on 5000","timestamp":"2025-08-13T06:38:43.267Z"}
{"level":"info","message":"MongoDB connected","timestamp":"2025-08-13T06:38:43.662Z"}
{"level":"info","message":"Server listening on 5000","timestamp":"2025-08-13T06:38:46.649Z"}
{"level":"info","message":"MongoDB connected","timestamp":"2025-08-13T06:38:47.030Z"}
{"level":"info","message":"Server listening on 5000","timestamp":"2025-08-13T06:50:14.573Z"}
{"level":"info","message":"MongoDB connected","timestamp":"2025-08-13T06:50:15.015Z"}
{"level":"info","message":"Server listening on 5000","timestamp":"2025-08-13T06:50:27.249Z"}
{"level":"info","message":"MongoDB connected","timestamp":"2025-08-13T06:50:27.638Z"}
{"level":"info","message":"Server listening on 5000","timestamp":"2025-08-13T06:52:45.874Z"}
{"level":"info","message":"MongoDB connected","timestamp":"2025-08-13T06:52:46.310Z"}
{"level":"info","message":"Server listening on 5000","timestamp":"2025-08-13T06:53:49.866Z"}
{"level":"info","message":"MongoDB connected","timestamp":"2025-08-13T06:53:50.242Z"}
{"level":"info","message":"Server listening on 5000","timestamp":"2025-08-13T06:55:23.372Z"}
{"level":"info","message":"MongoDB connected","timestamp":"2025-08-13T06:55:23.770Z"}
{"level":"info","message":"Server listening on 5000","timestamp":"2025-08-13T06:56:08.214Z"}
{"level":"info","message":"MongoDB connected","timestamp":"2025-08-13T06:56:08.618Z"}
{"level":"info","message":"Server listening on 5000","timestamp":"2025-08-13T06:56:53.749Z"}
{"level":"info","message":"MongoDB connected","timestamp":"2025-08-13T06:56:54.149Z"}
{"level":"info","message":"Server listening on 5000","timestamp":"2025-08-13T07:00:21.088Z"}
{"level":"info","message":"MongoDB connected","timestamp":"2025-08-13T07:00:21.480Z"}
{"level":"info","message":"Server listening on 5000","timestamp":"2025-08-13T07:00:22.792Z"}
{"level":"info","message":"MongoDB connected","timestamp":"2025-08-13T07:00:23.198Z"}
{"level":"info","message":"Server listening on 5000","timestamp":"2025-08-13T07:00:24.782Z"}
{"level":"info","message":"MongoDB connected","timestamp":"2025-08-13T07:00:25.484Z"}
{"level":"info","message":"Server listening on 5000","timestamp":"2025-08-13T07:00:29.455Z"}
{"level":"info","message":"MongoDB connected","timestamp":"2025-08-13T07:00:29.869Z"}
{"level":"info","message":"Server listening on 5000","timestamp":"2025-08-13T07:00:40.201Z"}
{"level":"info","message":"MongoDB connected","timestamp":"2025-08-13T07:00:40.594Z"}
{"level":"info","message":"Server listening on 5000","timestamp":"2025-08-13T07:04:43.996Z"}
{"level":"info","message":"MongoDB connected","timestamp":"2025-08-13T07:04:44.405Z"}
{"level":"info","message":"Server listening on 5000","timestamp":"2025-08-13T07:05:01.069Z"}
{"level":"info","message":"MongoDB connected","timestamp":"2025-08-13T07:05:01.471Z"}
{"level":"info","message":"Server listening on 5000","timestamp":"2025-08-13T07:05:54.950Z"}
{"level":"info","message":"MongoDB connected","timestamp":"2025-08-13T07:05:55.346Z"}
{"level":"info","message":"Server listening on 5000","timestamp":"2025-08-13T07:22:02.543Z"}
{"level":"info","message":"MongoDB connected","timestamp":"2025-08-13T07:22:02.941Z"}
{"level":"info","message":"Server listening on 5000","timestamp":"2025-08-13T07:22:04.703Z"}
{"level":"info","message":"MongoDB connected","timestamp":"2025-08-13T07:22:05.083Z"}
{"level":"info","message":"Server listening on 5000","timestamp":"2025-08-13T07:22:19.437Z"}
{"level":"info","message":"MongoDB connected","timestamp":"2025-08-13T07:22:19.929Z"}
{"level":"info","message":"Server listening on 5000","timestamp":"2025-08-13T07:24:47.785Z"}
{"level":"info","message":"MongoDB connected","timestamp":"2025-08-13T07:24:48.155Z"}
{"level":"info","message":"Server listening on 5000","timestamp":"2025-08-13T07:24:54.720Z"}
{"level":"info","message":"MongoDB connected","timestamp":"2025-08-13T07:24:55.099Z"}
{"level":"info","message":"Server listening on 5000","timestamp":"2025-08-13T07:25:05.272Z"}
{"level":"info","message":"MongoDB connected","timestamp":"2025-08-13T07:25:05.623Z"}
{"level":"info","message":"Server listening on 5000","timestamp":"2025-08-13T07:25:11.393Z"}
{"level":"info","message":"MongoDB connected","timestamp":"2025-08-13T07:25:11.759Z"}
{"level":"info","message":"Server listening on 5000","timestamp":"2025-08-13T07:25:14.129Z"}
{"level":"info","message":"MongoDB connected","timestamp":"2025-08-13T07:25:14.537Z"}
{"level":"info","message":"Server listening on 5000","timestamp":"2025-08-13T07:26:16.480Z"}
{"level":"info","message":"MongoDB connected","timestamp":"2025-08-13T07:26:16.871Z"}
{"level":"info","message":"Server listening on 5000","timestamp":"2025-08-13T07:27:55.955Z"}
{"level":"info","message":"Server listening on 5000","timestamp":"2025-08-13T07:27:57.269Z"}
{"level":"info","message":"MongoDB connected","timestamp":"2025-08-13T07:27:57.709Z"}
{"level":"info","message":"Server listening on 5000","timestamp":"2025-08-13T10:42:54.786Z"}
{"level":"info","message":"MongoDB connected","timestamp":"2025-08-13T10:42:55.148Z"}
{"level":"info","message":"Server listening on 5000","timestamp":"2025-08-13T11:03:39.346Z"}
{"level":"info","message":"MongoDB connected","timestamp":"2025-08-13T11:03:39.781Z"}
{"level":"info","message":"Server listening on 5000","timestamp":"2025-08-13T11:03:42.296Z"}
{"level":"info","message":"MongoDB connected","timestamp":"2025-08-13T11:03:42.726Z"}
{"level":"info","message":"Server listening on 5000","timestamp":"2025-08-13T11:11:41.181Z"}
{"level":"info","message":"MongoDB connected","timestamp":"2025-08-13T11:11:41.559Z"}
{"level":"info","message":"Server listening on 5000","timestamp":"2025-08-13T11:41:56.358Z"}
{"level":"info","message":"MongoDB connected","timestamp":"2025-08-13T11:41:56.723Z"}
{"level":"info","message":"Server listening on 5000","timestamp":"2025-08-13T11:47:41.280Z"}
{"level":"info","message":"MongoDB connected","timestamp":"2025-08-13T11:47:41.645Z"}
{"level":"info","message":"Server listening on 5000","timestamp":"2025-08-13T11:47:43.081Z"}
{"level":"info","message":"MongoDB connected","timestamp":"2025-08-13T11:47:43.445Z"}
{"level":"info","message":"Server listening on 5000","timestamp":"2025-08-13T11:47:46.573Z"}
{"level":"info","message":"MongoDB connected","timestamp":"2025-08-13T11:47:46.956Z"}
{"level":"info","message":"Server listening on 5000","timestamp":"2025-08-13T11:47:49.262Z"}
{"level":"info","message":"MongoDB connected","timestamp":"2025-08-13T11:47:49.668Z"}
{"level":"info","message":"Server listening on 5000","timestamp":"2025-08-13T11:48:42.814Z"}
{"level":"info","message":"MongoDB connected","timestamp":"2025-08-13T11:48:43.201Z"}
{"level":"info","message":"Server listening on 5000","timestamp":"2025-08-13T11:48:45.959Z"}
{"level":"info","message":"MongoDB connected","timestamp":"2025-08-13T11:48:46.332Z"}
{"level":"info","message":"Server listening on 5000","timestamp":"2025-08-13T11:48:48.547Z"}
{"level":"info","message":"MongoDB connected","timestamp":"2025-08-13T11:48:49.087Z"}
{"level":"info","message":"Server listening on 5000","timestamp":"2025-08-13T11:48:50.804Z"}
{"level":"info","message":"MongoDB connected","timestamp":"2025-08-13T11:48:51.170Z"}
{"level":"info","message":"Server listening on 5000","timestamp":"2025-08-13T11:48:52.736Z"}
{"level":"info","message":"MongoDB connected","timestamp":"2025-08-13T11:48:53.117Z"}
{"level":"info","message":"Server listening on 5000","timestamp":"2025-08-13T11:48:54.919Z"}
{"level":"info","message":"Server listening on 5000","timestamp":"2025-08-13T11:48:56.180Z"}
{"level":"info","message":"MongoDB connected","timestamp":"2025-08-13T11:48:56.534Z"}
{"level":"info","message":"Server listening on 5000","timestamp":"2025-08-13T11:48:58.420Z"}
{"level":"info","message":"MongoDB connected","timestamp":"2025-08-13T11:48:58.776Z"}
{"level":"info","message":"Server listening on 5000","timestamp":"2025-08-13T11:49:07.355Z"}
{"level":"info","message":"MongoDB connected","timestamp":"2025-08-13T11:49:07.715Z"}
{"level":"info","message":"Server listening on 5000","timestamp":"2025-08-13T11:49:17.683Z"}
{"level":"info","message":"MongoDB connected","timestamp":"2025-08-13T11:49:18.087Z"}
{"level":"info","message":"Server listening on 5000","timestamp":"2025-08-13T11:49:20.867Z"}
{"level":"info","message":"MongoDB connected","timestamp":"2025-08-13T11:49:21.220Z"}
{"level":"info","message":"Server listening on 5000","timestamp":"2025-08-13T11:50:11.850Z"}
{"level":"info","message":"MongoDB connected","timestamp":"2025-08-13T11:50:12.235Z"}
{"level":"info","message":"Server listening on 5000","timestamp":"2025-08-13T11:50:59.352Z"}
{"level":"info","message":"MongoDB connected","timestamp":"2025-08-13T11:50:59.709Z"}
{"level":"info","message":"Server listening on 5000","timestamp":"2025-08-13T11:51:06.740Z"}
{"level":"info","message":"MongoDB connected","timestamp":"2025-08-13T11:51:07.115Z"}
{"level":"info","message":"Server listening on 5000","timestamp":"2025-08-13T11:52:08.917Z"}
{"level":"info","message":"MongoDB connected","timestamp":"2025-08-13T11:52:09.359Z"}
{"level":"info","message":"Server listening on 5000","timestamp":"2025-08-13T11:52:10.737Z"}
{"level":"info","message":"MongoDB connected","timestamp":"2025-08-13T11:52:11.122Z"}
{"level":"info","message":"Server listening on 5000","timestamp":"2025-08-13T11:52:12.371Z"}
{"level":"info","message":"MongoDB connected","timestamp":"2025-08-13T11:52:12.822Z"}
{"level":"info","message":"Server listening on 5000","timestamp":"2025-08-13T11:52:17.639Z"}
{"level":"info","message":"MongoDB connected","timestamp":"2025-08-13T11:52:18.102Z"}
{"level":"info","message":"Server listening on 5000","timestamp":"2025-08-13T11:52:20.285Z"}
{"level":"info","message":"MongoDB connected","timestamp":"2025-08-13T11:52:20.679Z"}
{"level":"info","message":"Server listening on 5000","timestamp":"2025-08-13T11:52:22.813Z"}
{"level":"info","message":"MongoDB connected","timestamp":"2025-08-13T11:52:23.221Z"}
{"level":"info","message":"Server listening on 5000","timestamp":"2025-08-13T11:52:25.467Z"}
{"level":"info","message":"MongoDB connected","timestamp":"2025-08-13T11:52:25.876Z"}
{"level":"info","message":"Server listening on 5000","timestamp":"2025-08-13T11:52:27.415Z"}
{"level":"info","message":"MongoDB connected","timestamp":"2025-08-13T11:52:27.781Z"}
{"level":"info","message":"Server listening on 5000","timestamp":"2025-08-13T11:52:57.154Z"}
{"level":"info","message":"MongoDB connected","timestamp":"2025-08-13T11:52:57.561Z"}
{"level":"info","message":"Server listening on 5000","timestamp":"2025-08-13T11:52:58.891Z"}
{"level":"info","message":"MongoDB connected","timestamp":"2025-08-13T11:52:59.263Z"}
{"level":"info","message":"Server listening on 5000","timestamp":"2025-08-13T11:53:39.467Z"}
{"level":"info","message":"MongoDB connected","timestamp":"2025-08-13T11:53:39.892Z"}
{"level":"info","message":"Server listening on 5000","timestamp":"2025-08-13T11:54:17.022Z"}
{"level":"info","message":"MongoDB connected","timestamp":"2025-08-13T11:54:17.369Z"}
{"level":"info","message":"Server listening on 5000","timestamp":"2025-08-13T11:54:19.712Z"}
{"level":"info","message":"MongoDB connected","timestamp":"2025-08-13T11:54:20.081Z"}
{"level":"info","message":"Server listening on 5000","timestamp":"2025-08-13T11:54:23.626Z"}
{"level":"info","message":"MongoDB connected","timestamp":"2025-08-13T11:54:24.015Z"}
{"level":"info","message":"Server listening on 5000","timestamp":"2025-08-13T11:54:28.069Z"}
{"level":"info","message":"MongoDB connected","timestamp":"2025-08-13T11:54:28.506Z"}
{"level":"info","message":"Server listening on 5000","timestamp":"2025-08-13T11:54:30.065Z"}
{"level":"info","message":"MongoDB connected","timestamp":"2025-08-13T11:54:30.453Z"}
{"level":"info","message":"Server listening on 5000","timestamp":"2025-08-13T11:54:44.498Z"}
{"level":"info","message":"MongoDB connected","timestamp":"2025-08-13T11:54:44.863Z"}
{"level":"info","message":"Server listening on 5000","timestamp":"2025-08-13T11:55:10.422Z"}
{"level":"info","message":"MongoDB connected","timestamp":"2025-08-13T11:55:10.773Z"}
{"level":"info","message":"Server listening on 5000","timestamp":"2025-08-13T11:55:16.267Z"}
{"level":"info","message":"Server listening on 5000","timestamp":"2025-08-13T11:55:41.891Z"}
{"level":"info","message":"MongoDB connected","timestamp":"2025-08-13T11:55:42.297Z"}
{"level":"info","message":"Server listening on 5000","timestamp":"2025-08-13T11:56:35.179Z"}
{"level":"info","message":"MongoDB connected","timestamp":"2025-08-13T11:56:35.536Z"}
{"level":"info","message":"Server listening on 5000","timestamp":"2025-08-13T11:56:37.718Z"}
{"level":"info","message":"Server listening on 5000","timestamp":"2025-08-13T11:56:38.888Z"}
{"level":"info","message":"MongoDB connected","timestamp":"2025-08-13T11:56:39.253Z"}
{"level":"info","message":"Server listening on 5000","timestamp":"2025-08-13T11:57:02.224Z"}
{"level":"info","message":"MongoDB connected","timestamp":"2025-08-13T11:57:02.582Z"}
{"level":"info","message":"Server listening on 5000","timestamp":"2025-08-13T11:57:05.953Z"}
{"level":"info","message":"Server listening on 5000","timestamp":"2025-08-13T11:57:07.300Z"}
{"level":"info","message":"MongoDB connected","timestamp":"2025-08-13T11:57:07.683Z"}
{"level":"info","message":"Server listening on 5000","timestamp":"2025-08-13T11:57:15.435Z"}
{"level":"info","message":"MongoDB connected","timestamp":"2025-08-13T11:57:15.826Z"}
{"level":"info","message":"Server listening on 5000","timestamp":"2025-08-13T11:57:18.735Z"}
{"level":"info","message":"MongoDB connected","timestamp":"2025-08-13T11:57:19.135Z"}
{"level":"info","message":"Server listening on 5000","timestamp":"2025-08-13T11:57:21.159Z"}
{"level":"info","message":"MongoDB connected","timestamp":"2025-08-13T11:57:21.547Z"}
{"level":"info","message":"Server listening on 5000","timestamp":"2025-08-13T11:57:24.956Z"}
{"level":"info","message":"MongoDB connected","timestamp":"2025-08-13T11:57:25.312Z"}
{"level":"info","message":"Server listening on 5000","timestamp":"2025-08-13T12:00:37.229Z"}
{"level":"info","message":"MongoDB connected","timestamp":"2025-08-13T12:00:37.613Z"}
{"level":"info","message":"Server listening on 5000","timestamp":"2025-08-13T12:01:15.343Z"}
{"level":"info","message":"MongoDB connected","timestamp":"2025-08-13T12:01:15.724Z"}
{"level":"info","message":"Server listening on 5000","timestamp":"2025-08-13T12:01:16.878Z"}
{"level":"info","message":"MongoDB connected","timestamp":"2025-08-13T12:01:17.304Z"}
{"level":"info","message":"Server listening on 5000","timestamp":"2025-08-13T12:01:22.835Z"}
{"level":"info","message":"MongoDB connected","timestamp":"2025-08-13T12:01:23.313Z"}
{"level":"info","message":"Server listening on 5000","timestamp":"2025-08-13T12:01:36.243Z"}
{"level":"info","message":"MongoDB connected","timestamp":"2025-08-13T12:01:36.596Z"}
{"level":"info","message":"Server listening on 5000","timestamp":"2025-08-13T12:04:33.588Z"}
{"level":"info","message":"MongoDB connected","timestamp":"2025-08-13T12:04:33.974Z"}
{"level":"info","message":"Server listening on 5000","timestamp":"2025-08-13T12:07:14.727Z"}
{"level":"info","message":"MongoDB connected","timestamp":"2025-08-13T12:07:15.082Z"}
{"level":"info","message":"Server listening on 5000","timestamp":"2025-08-13T12:08:54.905Z"}
{"level":"info","message":"MongoDB connected","timestamp":"2025-08-13T12:08:55.283Z"}
{"level":"info","message":"Server listening on 5000","timestamp":"2025-08-13T12:11:50.283Z"}
{"level":"info","message":"MongoDB connected","timestamp":"2025-08-13T12:11:50.757Z"}
{"level":"info","message":"Server listening on 5000","timestamp":"2025-08-13T12:11:52.500Z"}
{"level":"info","message":"MongoDB connected","timestamp":"2025-08-13T12:11:52.886Z"}
{"level":"info","message":"Server listening on 5000","timestamp":"2025-08-13T12:27:42.135Z"}
{"level":"info","message":"Server listening on 5000","timestamp":"2025-08-13T12:27:43.409Z"}
{"level":"info","message":"MongoDB connected","timestamp":"2025-08-13T12:27:43.798Z"}
{"level":"info","message":"Server listening on 5000","timestamp":"2025-08-13T12:27:49.528Z"}
{"level":"info","message":"MongoDB connected","timestamp":"2025-08-13T12:27:49.949Z"}
{"level":"info","message":"Server listening on 5000","timestamp":"2025-08-13T12:27:52.034Z"}
{"level":"info","message":"MongoDB connected","timestamp":"2025-08-13T12:27:52.491Z"}
{"level":"info","message":"Server listening on 5000","timestamp":"2025-08-13T12:28:07.422Z"}
{"level":"info","message":"MongoDB connected","timestamp":"2025-08-13T12:28:07.800Z"}
{"level":"info","message":"Server listening on 5000","timestamp":"2025-08-13T12:28:16.778Z"}
{"level":"info","message":"MongoDB connected","timestamp":"2025-08-13T12:28:17.153Z"}
{"level":"info","message":"Server listening on 5000","timestamp":"2025-08-13T12:28:23.362Z"}
{"level":"info","message":"MongoDB connected","timestamp":"2025-08-13T12:28:23.739Z"}
{"level":"info","message":"Server listening on 5000","timestamp":"2025-08-13T12:28:24.851Z"}
{"level":"info","message":"Server listening on 5000","timestamp":"2025-08-13T12:28:26.235Z"}
{"level":"info","message":"MongoDB connected","timestamp":"2025-08-13T12:28:26.583Z"}
{"level":"info","message":"Server listening on 5000","timestamp":"2025-08-13T12:29:50.458Z"}
{"level":"info","message":"MongoDB connected","timestamp":"2025-08-13T12:29:50.835Z"}
{"level":"info","message":"Server listening on 5000","timestamp":"2025-08-13T12:30:23.428Z"}
{"level":"info","message":"MongoDB connected","timestamp":"2025-08-13T12:30:23.827Z"}
{"level":"info","message":"Server listening on 5000","timestamp":"2025-08-13T12:31:50.765Z"}
{"level":"info","message":"MongoDB connected","timestamp":"2025-08-13T12:31:51.158Z"}
